TN:
SF:src/app.ts
FNF:0
FNH:0
DA:8,1
DA:9,1
DA:10,1
DA:12,1
DA:14,1
DA:15,1
DA:18,1
LF:7
LH:7
BRDA:14,0,0,1
BRF:1
BRH:1
end_of_record
TN:
SF:src/database.ts
FNF:0
FNH:0
DA:3,2
DA:4,2
LF:2
LH:2
BRF:0
BRH:0
end_of_record
TN:
SF:src/controllers/e2eTestsController.ts
FN:4,truncate
FNF:1
FNH:0
FNDA:0,truncate
DA:5,0
DA:6,0
LF:2
LH:0
BRF:0
BRH:0
end_of_record
TN:
SF:src/controllers/recommendationController.ts
FN:6,insert
FN:17,upvote
FN:25,downvote
FN:33,random
FN:39,get
FN:44,getTop
FN:51,getById
FNF:7
FNH:7
FNDA:2,insert
FNDA:1,upvote
FNDA:1,downvote
FNDA:1,random
FNDA:1,get
FNDA:1,getTop
FNDA:1,getById
DA:7,2
DA:8,2
DA:9,0
DA:12,2
DA:14,2
DA:18,1
DA:20,1
DA:22,1
DA:26,1
DA:28,1
DA:30,1
DA:34,1
DA:36,0
DA:40,1
DA:41,1
DA:45,1
DA:47,1
DA:48,1
DA:52,1
DA:54,1
DA:55,1
DA:58,1
LF:22
LH:20
BRDA:8,0,0,0
BRF:1
BRH:0
end_of_record
TN:
SF:src/middlewares/errorHandlerMiddleware.ts
FN:8,errorHandlerMiddleware
FNF:1
FNH:1
FNDA:1,errorHandlerMiddleware
DA:14,1
DA:16,1
DA:17,1
DA:20,0
LF:4
LH:3
BRDA:16,0,0,1
BRF:1
BRH:1
end_of_record
TN:
SF:src/repositories/recommendationRepository.ts
FN:5,create
FN:16,findAll
FN:26,getAmountByScore
FN:33,getFindAllFilter
FN:45,find
FN:51,findByName
FN:57,updateScore
FN:66,remove
FN:72,truncate
FNF:9
FNH:7
FNDA:3,create
FNDA:3,findAll
FNDA:1,getAmountByScore
FNDA:3,getFindAllFilter
FNDA:3,find
FNDA:2,findByName
FNDA:2,updateScore
FNDA:0,remove
FNDA:0,truncate
DA:6,3
DA:17,3
DA:19,3
DA:27,1
DA:36,3
DA:38,1
DA:40,1
DA:46,3
DA:52,2
DA:58,2
DA:67,0
DA:73,0
DA:76,2
LF:13
LH:11
BRDA:36,0,0,2
BRF:1
BRH:1
end_of_record
TN:
SF:src/routers/e2eRouter.ts
FNF:0
FNH:0
DA:4,1
DA:5,1
LF:2
LH:2
BRF:0
BRH:0
end_of_record
TN:
SF:src/routers/recommendationRouter.ts
FNF:0
FNH:0
DA:4,1
DA:6,1
DA:7,1
DA:8,1
DA:9,1
DA:10,1
DA:11,1
DA:12,1
LF:8
LH:8
BRF:0
BRH:0
end_of_record
TN:
SF:src/schemas/recommendationsSchemas.ts
FNF:0
FNH:0
DA:4,1
DA:6,1
LF:2
LH:2
BRF:0
BRH:0
end_of_record
TN:
SF:src/services/recommendationsService.ts
FN:7,insert
FN:17,upvote
FN:23,downvote
FN:36,getByIdOrFail
FN:43,get
FN:47,getTop
FN:51,getRandom
FN:64,getByScore
FN:77,getScoreFilter
FN:85,truncate
FNF:10
FNH:9
FNDA:3,insert
FNDA:1,upvote
FNDA:1,downvote
FNDA:3,getByIdOrFail
FNDA:1,get
FNDA:1,getTop
FNDA:1,getRandom
FNDA:1,getByScore
FNDA:1,getScoreFilter
FNDA:0,truncate
DA:8,3
DA:11,3
DA:12,0
DA:14,3
DA:18,1
DA:20,1
DA:24,1
DA:26,1
DA:31,1
DA:32,0
DA:37,3
DA:38,3
DA:40,3
DA:44,1
DA:48,1
DA:52,1
DA:53,1
DA:55,1
DA:56,1
DA:57,1
DA:60,0
DA:61,0
DA:65,1
DA:70,1
DA:71,0
DA:74,1
DA:78,1
DA:79,1
DA:82,0
DA:86,0
DA:89,2
LF:31
LH:24
BRDA:11,0,0,0
BRDA:31,1,0,0
BRDA:38,2,0,0
BRDA:56,3,0,1
BRDA:70,4,0,0
BRDA:78,5,0,1
BRF:6
BRH:2
end_of_record
TN:
SF:src/utils/errorUtils.ts
FN:7,isAppError
FN:11,errorTypeToStatusCode
FN:19,conflictError
FN:23,notFoundError
FN:27,unauthorizedError
FN:31,wrongSchemaError
FNF:6
FNH:3
FNDA:1,isAppError
FNDA:1,errorTypeToStatusCode
FNDA:0,conflictError
FNDA:1,notFoundError
FNDA:0,unauthorizedError
FNDA:0,wrongSchemaError
DA:8,1
DA:12,1
DA:13,1
DA:14,0
DA:15,0
DA:16,0
DA:20,0
DA:24,1
DA:28,0
DA:32,0
LF:10
LH:4
BRDA:12,0,0,0
BRDA:13,1,0,1
BRDA:14,2,0,0
BRDA:15,3,0,0
BRDA:20,4,0,0
BRDA:20,4,1,0
BRDA:20,5,0,0
BRDA:20,5,1,0
BRDA:24,6,0,0
BRDA:24,6,1,1
BRDA:24,7,0,1
BRDA:24,7,1,1
BRDA:28,8,0,0
BRDA:28,8,1,0
BRDA:28,9,0,0
BRDA:28,9,1,0
BRDA:32,10,0,0
BRDA:32,10,1,0
BRDA:32,11,0,0
BRDA:32,11,1,0
BRF:20
BRH:4
end_of_record
TN:
SF:tests/factories/recommendationBodyFactory.ts
FN:3,recommendationBodyFactory
FNF:1
FNH:1
FNDA:6,recommendationBodyFactory
DA:4,6
DA:8,6
LF:2
LH:2
BRF:0
BRH:0
end_of_record
TN:
SF:tests/factories/recommendationFactory.ts
FN:3,recommendationFactory
FNF:1
FNH:1
FNDA:1,recommendationFactory
DA:4,1
DA:11,1
LF:2
LH:2
BRF:0
BRH:0
end_of_record
